2026-02-16 16:33:57,839 | INFO | cycle=1 state=min TGO=94.078361 um growth_strain=2.730724e-02 coeff=1.000e-03
2026-02-16 16:34:01,273 | INFO | cycle=1 state=min TGO=94.078361 um delta_h=90.754887 um eps_g=2.730724e-02 max_sigma_yy=5.182067e+09 Pa max_tau_xy=7.371303e+09 Pa
2026-02-16 16:34:01,274 | WARNING | Warning: stress exceeds typical TBC material strength range.
2026-02-16 16:34:01,275 | INFO | cycle=1 state=max TGO=94.078361 um growth_strain=2.730724e-02 coeff=1.000e-03
2026-02-16 16:34:04,419 | INFO | cycle=1 state=max TGO=94.078361 um delta_h=90.754887 um eps_g=2.730724e-02 max_sigma_yy=7.079847e+09 Pa max_tau_xy=7.028286e+09 Pa
2026-02-16 16:34:04,420 | WARNING | Warning: stress exceeds typical TBC material strength range.
2026-02-16 16:34:05,022 | INFO | cycle=2 state=min TGO=133.005378 um growth_strain=1.171275e-02 coeff=1.000e-03
2026-02-16 16:34:08,305 | INFO | cycle=2 state=min TGO=133.005378 um delta_h=38.927017 um eps_g=1.171275e-02 max_sigma_yy=2.561819e+09 Pa max_tau_xy=3.786289e+09 Pa
2026-02-16 16:34:08,306 | INFO | cycle=2 state=max TGO=133.005378 um growth_strain=1.171275e-02 coeff=1.000e-03
2026-02-16 16:34:11,530 | INFO | cycle=2 state=max TGO=133.005378 um delta_h=38.927017 um eps_g=1.171275e-02 max_sigma_yy=4.440262e+09 Pa max_tau_xy=3.379430e+09 Pa
2026-02-16 16:34:12,082 | INFO | cycle=3 state=min TGO=162.880702 um growth_strain=8.989186e-03 coeff=1.000e-03
2026-02-16 16:34:15,410 | INFO | cycle=3 state=min TGO=162.880702 um delta_h=29.875324 um eps_g=8.989186e-03 max_sigma_yy=2.073952e+09 Pa max_tau_xy=3.088053e+09 Pa
2026-02-16 16:34:15,410 | INFO | cycle=3 state=max TGO=162.880702 um growth_strain=8.989186e-03 coeff=1.000e-03
2026-02-16 16:34:18,542 | INFO | cycle=3 state=max TGO=162.880702 um delta_h=29.875324 um eps_g=8.989186e-03 max_sigma_yy=3.951342e+09 Pa max_tau_xy=2.659616e+09 Pa
2026-02-16 16:34:19,144 | INFO | cycle=4 state=min TGO=188.068646 um growth_strain=7.578800e-03 coeff=1.000e-03
2026-02-16 16:34:22,419 | INFO | cycle=4 state=min TGO=188.068646 um delta_h=25.187944 um eps_g=7.578800e-03 max_sigma_yy=1.819714e+09 Pa max_tau_xy=2.718280e+09 Pa
2026-02-16 16:34:22,420 | INFO | cycle=4 state=max TGO=188.068646 um growth_strain=7.578800e-03 coeff=1.000e-03
2026-02-16 16:34:25,601 | INFO | cycle=4 state=max TGO=188.068646 um delta_h=25.187944 um eps_g=7.578800e-03 max_sigma_yy=3.696422e+09 Pa max_tau_xy=2.274020e+09 Pa
2026-02-16 16:34:26,301 | INFO | cycle=5 state=min TGO=210.260572 um growth_strain=6.677328e-03 coeff=1.000e-03
2026-02-16 16:34:29,733 | INFO | cycle=5 state=min TGO=210.260572 um delta_h=22.191926 um eps_g=6.677328e-03 max_sigma_yy=1.655663e+09 Pa max_tau_xy=2.475831e+09 Pa
2026-02-16 16:34:29,733 | INFO | cycle=5 state=max TGO=210.260572 um growth_strain=6.677328e-03 coeff=1.000e-03
2026-02-16 16:34:32,950 | INFO | cycle=5 state=max TGO=210.260572 um delta_h=22.191926 um eps_g=6.677328e-03 max_sigma_yy=3.531707e+09 Pa max_tau_xy=2.019097e+09 Pa
2026-02-16 16:34:33,593 | INFO | cycle=6 state=min TGO=230.324121 um growth_strain=6.036921e-03 coeff=1.000e-03
2026-02-16 16:34:37,257 | INFO | cycle=6 state=min TGO=230.324121 um delta_h=20.063549 um eps_g=6.036921e-03 max_sigma_yy=1.537970e+09 Pa max_tau_xy=2.299397e+09 Pa
2026-02-16 16:34:37,258 | INFO | cycle=6 state=max TGO=230.324121 um growth_strain=6.036921e-03 coeff=1.000e-03
2026-02-16 16:34:40,710 | INFO | cycle=6 state=max TGO=230.324121 um delta_h=20.063549 um eps_g=6.036921e-03 max_sigma_yy=3.413289e+09 Pa max_tau_xy=1.832380e+09 Pa
2026-02-16 16:34:41,279 | INFO | cycle=7 state=min TGO=248.774785 um growth_strain=5.551620e-03 coeff=1.000e-03
2026-02-16 16:34:44,724 | INFO | cycle=7 state=min TGO=248.774785 um delta_h=18.450663 um eps_g=5.551620e-03 max_sigma_yy=1.447927e+09 Pa max_tau_xy=2.162731e+09 Pa
2026-02-16 16:34:44,724 | INFO | cycle=7 state=max TGO=248.774785 um growth_strain=5.551620e-03 coeff=1.000e-03
2026-02-16 16:34:47,975 | INFO | cycle=7 state=max TGO=248.774785 um delta_h=18.450663 um eps_g=5.551620e-03 max_sigma_yy=3.322449e+09 Pa max_tau_xy=1.686970e+09 Pa
2026-02-16 16:34:48,524 | INFO | cycle=8 state=min TGO=265.948465 um growth_strain=5.167388e-03 coeff=1.000e-03
2026-02-16 16:34:51,894 | INFO | cycle=8 state=min TGO=265.948465 um delta_h=17.173680 um eps_g=5.167388e-03 max_sigma_yy=1.375985e+09 Pa max_tau_xy=2.052359e+09 Pa
2026-02-16 16:34:51,894 | INFO | cycle=8 state=max TGO=265.948465 um growth_strain=5.167388e-03 coeff=1.000e-03
2026-02-16 16:34:55,086 | INFO | cycle=8 state=max TGO=265.948465 um delta_h=17.173680 um eps_g=5.167388e-03 max_sigma_yy=3.249644e+09 Pa max_tau_xy=1.568996e+09 Pa
2026-02-16 16:34:55,646 | INFO | cycle=9 state=min TGO=282.078497 um growth_strain=4.853365e-03 coeff=1.000e-03
2026-02-16 16:34:59,062 | INFO | cycle=9 state=min TGO=282.078497 um delta_h=16.130032 um eps_g=4.853365e-03 max_sigma_yy=1.169939e+09 Pa max_tau_xy=1.785548e+09 Pa
2026-02-16 16:34:59,063 | INFO | cycle=9 state=max TGO=282.078497 um growth_strain=4.853365e-03 coeff=1.000e-03
2026-02-16 16:35:02,104 | INFO | cycle=9 state=max TGO=282.078497 um delta_h=16.130032 um eps_g=4.853365e-03 max_sigma_yy=3.082155e+09 Pa max_tau_xy=1.343616e+09 Pa
2026-02-16 16:35:02,658 | INFO | cycle=10 state=min TGO=297.334780 um growth_strain=4.590463e-03 coeff=1.000e-03
2026-02-16 16:35:05,975 | INFO | cycle=10 state=min TGO=297.334780 um delta_h=15.256282 um eps_g=4.590463e-03 max_sigma_yy=1.123061e+09 Pa max_tau_xy=1.714885e+09 Pa
2026-02-16 16:35:05,976 | INFO | cycle=10 state=max TGO=297.334780 um growth_strain=4.590463e-03 coeff=1.000e-03
2026-02-16 16:35:09,140 | INFO | cycle=10 state=max TGO=297.334780 um delta_h=15.256282 um eps_g=4.590463e-03 max_sigma_yy=3.035540e+09 Pa max_tau_xy=1.267456e+09 Pa
