2026-02-16 16:37:34,716 | INFO | cycle=1 state=min TGO=77.988445 um growth_strain=1.709206e-02 coeff=1.000e-03
2026-02-16 16:37:38,160 | INFO | cycle=1 state=min TGO=77.988445 um delta_h=73.677799 um eps_g=1.709206e-02 max_sigma_yy=3.275469e+09 Pa max_tau_xy=4.489465e+09 Pa
2026-02-16 16:37:38,160 | INFO | cycle=1 state=max TGO=77.988445 um growth_strain=1.709206e-02 coeff=1.000e-03
2026-02-16 16:37:41,428 | INFO | cycle=1 state=max TGO=77.988445 um delta_h=73.677799 um eps_g=1.709206e-02 max_sigma_yy=6.431486e+09 Pa max_tau_xy=3.929696e+09 Pa
2026-02-16 16:37:41,429 | WARNING | Warning: stress exceeds typical TBC material strength range.
2026-02-16 16:37:42,000 | INFO | cycle=2 state=min TGO=110.208046 um growth_strain=7.474426e-03 coeff=1.000e-03
2026-02-16 16:37:45,797 | INFO | cycle=2 state=min TGO=110.208046 um delta_h=32.219601 um eps_g=7.474426e-03 max_sigma_yy=1.621663e+09 Pa max_tau_xy=2.307419e+09 Pa
2026-02-16 16:37:45,798 | INFO | cycle=2 state=max TGO=110.208046 um growth_strain=7.474426e-03 coeff=1.000e-03
2026-02-16 16:37:49,153 | INFO | cycle=2 state=max TGO=110.208046 um delta_h=32.219601 um eps_g=7.474426e-03 max_sigma_yy=4.746724e+09 Pa max_tau_xy=1.656025e+09 Pa
2026-02-16 16:37:49,762 | INFO | cycle=3 state=min TGO=134.942319 um growth_strain=5.737951e-03 coeff=1.000e-03
2026-02-16 16:37:53,068 | INFO | cycle=3 state=min TGO=134.942319 um delta_h=24.734272 um eps_g=5.737951e-03 max_sigma_yy=1.212324e+09 Pa max_tau_xy=1.722808e+09 Pa
2026-02-16 16:37:53,069 | INFO | cycle=3 state=max TGO=134.942319 um growth_strain=5.737951e-03 coeff=1.000e-03
2026-02-16 16:37:56,276 | INFO | cycle=3 state=max TGO=134.942319 um delta_h=24.734272 um eps_g=5.737951e-03 max_sigma_yy=4.372260e+09 Pa max_tau_xy=1.098375e+09 Pa
2026-02-16 16:37:56,853 | INFO | cycle=4 state=min TGO=155.798091 um growth_strain=4.838202e-03 coeff=1.000e-03
2026-02-16 16:38:00,382 | INFO | cycle=4 state=min TGO=155.798091 um delta_h=20.855773 um eps_g=4.838202e-03 max_sigma_yy=1.051188e+09 Pa max_tau_xy=1.510181e+09 Pa
2026-02-16 16:38:00,383 | INFO | cycle=4 state=max TGO=155.798091 um growth_strain=4.838202e-03 coeff=1.000e-03
2026-02-16 16:38:03,453 | INFO | cycle=4 state=max TGO=155.798091 um delta_h=20.855773 um eps_g=4.838202e-03 max_sigma_yy=4.215058e+09 Pa max_tau_xy=8.655867e+08 Pa
2026-02-16 16:38:04,058 | INFO | cycle=5 state=min TGO=174.174226 um growth_strain=4.262966e-03 coeff=1.000e-03
2026-02-16 16:38:07,341 | INFO | cycle=5 state=min TGO=174.174226 um delta_h=18.376135 um eps_g=4.262966e-03 max_sigma_yy=1.036936e+09 Pa max_tau_xy=1.499448e+09 Pa
2026-02-16 16:38:07,342 | INFO | cycle=5 state=max TGO=174.174226 um growth_strain=4.262966e-03 coeff=1.000e-03
2026-02-16 16:38:10,506 | INFO | cycle=5 state=max TGO=174.174226 um delta_h=18.376135 um eps_g=4.262966e-03 max_sigma_yy=4.157226e+09 Pa max_tau_xy=7.715857e+08 Pa
2026-02-16 16:38:11,078 | INFO | cycle=6 state=min TGO=190.788566 um growth_strain=3.854258e-03 coeff=1.000e-03
2026-02-16 16:38:14,367 | INFO | cycle=6 state=min TGO=190.788566 um delta_h=16.614340 um eps_g=3.854258e-03 max_sigma_yy=9.609392e+08 Pa max_tau_xy=1.391520e+09 Pa
2026-02-16 16:38:14,367 | INFO | cycle=6 state=max TGO=190.788566 um growth_strain=3.854258e-03 coeff=1.000e-03
2026-02-16 16:38:17,540 | INFO | cycle=6 state=max TGO=190.788566 um delta_h=16.614340 um eps_g=3.854258e-03 max_sigma_yy=4.080499e+09 Pa max_tau_xy=6.475608e+08 Pa
2026-02-16 16:38:18,087 | INFO | cycle=7 state=min TGO=206.067690 um growth_strain=3.544509e-03 coeff=1.000e-03
2026-02-16 16:38:22,013 | INFO | cycle=7 state=min TGO=206.067690 um delta_h=15.279124 um eps_g=3.544509e-03 max_sigma_yy=9.028372e+08 Pa max_tau_xy=1.308093e+09 Pa
2026-02-16 16:38:22,014 | INFO | cycle=7 state=max TGO=206.067690 um growth_strain=3.544509e-03 coeff=1.000e-03
2026-02-16 16:38:25,367 | INFO | cycle=7 state=max TGO=206.067690 um delta_h=15.279124 um eps_g=3.544509e-03 max_sigma_yy=4.021659e+09 Pa max_tau_xy=5.503878e+08 Pa
2026-02-16 16:38:25,930 | INFO | cycle=8 state=min TGO=220.289602 um growth_strain=3.299253e-03 coeff=1.000e-03
2026-02-16 16:38:29,564 | INFO | cycle=8 state=min TGO=220.289602 um delta_h=14.221912 um eps_g=3.299253e-03 max_sigma_yy=8.564535e+08 Pa max_tau_xy=1.240827e+09 Pa
2026-02-16 16:38:29,565 | INFO | cycle=8 state=max TGO=220.289602 um growth_strain=3.299253e-03 coeff=1.000e-03
2026-02-16 16:38:32,781 | INFO | cycle=8 state=max TGO=220.289602 um delta_h=14.221912 um eps_g=3.299253e-03 max_sigma_yy=3.974490e+09 Pa max_tau_xy=4.711335e+08 Pa
2026-02-16 16:38:33,329 | INFO | cycle=9 state=min TGO=233.647437 um growth_strain=3.098801e-03 coeff=1.000e-03
2026-02-16 16:38:36,772 | INFO | cycle=9 state=min TGO=233.647437 um delta_h=13.357835 um eps_g=3.098801e-03 max_sigma_yy=8.182501e+08 Pa max_tau_xy=1.184928e+09 Pa
2026-02-16 16:38:36,772 | INFO | cycle=9 state=max TGO=233.647437 um growth_strain=3.098801e-03 coeff=1.000e-03
2026-02-16 16:38:39,980 | INFO | cycle=9 state=max TGO=233.647437 um delta_h=13.357835 um eps_g=3.098801e-03 max_sigma_yy=3.935444e+09 Pa max_tau_xy=4.046083e+08 Pa
2026-02-16 16:38:40,532 | INFO | cycle=10 state=min TGO=246.281832 um growth_strain=2.930975e-03 coeff=1.000e-03
2026-02-16 16:38:43,664 | INFO | cycle=10 state=min TGO=246.281832 um delta_h=12.634395 um eps_g=2.930975e-03 max_sigma_yy=7.054076e+08 Pa max_tau_xy=1.039425e+09 Pa
2026-02-16 16:38:43,664 | INFO | cycle=10 state=max TGO=246.281832 um growth_strain=2.930975e-03 coeff=1.000e-03
2026-02-16 16:38:47,065 | INFO | cycle=10 state=max TGO=246.281832 um delta_h=12.634395 um eps_g=2.930975e-03 max_sigma_yy=3.882211e+09 Pa max_tau_xy=3.243784e+08 Pa
