2026-02-16 16:53:34,621 | INFO | cycle=1 state=min TGO=57.256502 um growth_strain=1.886920e-02 coeff=1.000e-03
2026-02-16 16:53:38,012 | INFO | cycle=1 state=min TGO=57.256502 um delta_h=54.374830 um eps_g=1.886920e-02 max_sigma_yy=3.303576e+09 Pa max_tau_xy=4.605471e+09 Pa
2026-02-16 16:53:38,012 | INFO | cycle=1 state=max TGO=57.256502 um growth_strain=1.886920e-02 coeff=1.000e-03
2026-02-16 16:53:41,292 | INFO | cycle=1 state=max TGO=57.256502 um delta_h=54.374830 um eps_g=1.886920e-02 max_sigma_yy=5.234866e+09 Pa max_tau_xy=4.285029e+09 Pa
2026-02-16 16:53:41,292 | WARNING | Warning: stress exceeds typical TBC material strength range.
2026-02-16 16:53:41,886 | INFO | cycle=2 state=min TGO=80.921629 um growth_strain=8.212291e-03 coeff=1.000e-03
2026-02-16 16:53:45,357 | INFO | cycle=2 state=min TGO=80.921629 um delta_h=23.665127 um eps_g=8.212291e-03 max_sigma_yy=1.609648e+09 Pa max_tau_xy=2.312859e+09 Pa
2026-02-16 16:53:45,357 | INFO | cycle=2 state=max TGO=80.921629 um growth_strain=8.212291e-03 coeff=1.000e-03
2026-02-16 16:53:48,835 | INFO | cycle=2 state=max TGO=80.921629 um delta_h=23.665127 um eps_g=8.212291e-03 max_sigma_yy=3.520436e+09 Pa max_tau_xy=1.946399e+09 Pa
2026-02-16 16:53:49,403 | INFO | cycle=3 state=min TGO=99.087401 um growth_strain=6.303901e-03 coeff=1.000e-03
2026-02-16 16:53:52,900 | INFO | cycle=3 state=min TGO=99.087401 um delta_h=18.165772 um eps_g=6.303901e-03 max_sigma_yy=1.220527e+09 Pa max_tau_xy=1.733530e+09 Pa
2026-02-16 16:53:52,901 | INFO | cycle=3 state=max TGO=99.087401 um growth_strain=6.303901e-03 coeff=1.000e-03
2026-02-16 16:53:56,142 | INFO | cycle=3 state=max TGO=99.087401 um delta_h=18.165772 um eps_g=6.303901e-03 max_sigma_yy=3.144458e+09 Pa max_tau_xy=1.380132e+09 Pa
2026-02-16 16:53:56,707 | INFO | cycle=4 state=min TGO=114.404178 um growth_strain=5.315240e-03 coeff=1.000e-03
2026-02-16 16:54:00,151 | INFO | cycle=4 state=min TGO=114.404178 um delta_h=15.316777 um eps_g=5.315240e-03 max_sigma_yy=1.056503e+09 Pa max_tau_xy=1.516373e+09 Pa
2026-02-16 16:54:00,152 | INFO | cycle=4 state=max TGO=114.404178 um growth_strain=5.315240e-03 coeff=1.000e-03
2026-02-16 16:54:03,803 | INFO | cycle=4 state=max TGO=114.404178 um delta_h=15.316777 um eps_g=5.315240e-03 max_sigma_yy=2.981390e+09 Pa max_tau_xy=1.152106e+09 Pa
2026-02-16 16:54:04,378 | INFO | cycle=5 state=min TGO=127.899644 um growth_strain=4.683207e-03 coeff=1.000e-03
2026-02-16 16:54:07,787 | INFO | cycle=5 state=min TGO=127.899644 um delta_h=13.495466 um eps_g=4.683207e-03 max_sigma_yy=9.506401e+08 Pa max_tau_xy=1.376371e+09 Pa
2026-02-16 16:54:07,788 | INFO | cycle=5 state=max TGO=127.899644 um growth_strain=4.683207e-03 coeff=1.000e-03
2026-02-16 16:54:10,951 | INFO | cycle=5 state=max TGO=127.899644 um delta_h=13.495466 um eps_g=4.683207e-03 max_sigma_yy=2.876828e+09 Pa max_tau_xy=1.003074e+09 Pa
2026-02-16 16:54:11,517 | INFO | cycle=6 state=min TGO=140.101113 um growth_strain=4.234164e-03 coeff=1.000e-03
2026-02-16 16:54:14,935 | INFO | cycle=6 state=min TGO=140.101113 um delta_h=12.201469 um eps_g=4.234164e-03 max_sigma_yy=8.748725e+08 Pa max_tau_xy=1.275824e+09 Pa
2026-02-16 16:54:14,936 | INFO | cycle=6 state=max TGO=140.101113 um growth_strain=4.234164e-03 coeff=1.000e-03
2026-02-16 16:54:18,170 | INFO | cycle=6 state=max TGO=140.101113 um delta_h=12.201469 um eps_g=4.234164e-03 max_sigma_yy=2.802401e+09 Pa max_tau_xy=8.947854e+08 Pa
2026-02-16 16:54:18,917 | INFO | cycle=7 state=min TGO=151.321925 um growth_strain=3.893855e-03 coeff=1.000e-03
2026-02-16 16:54:22,419 | INFO | cycle=7 state=min TGO=151.321925 um delta_h=11.220812 um eps_g=3.893855e-03 max_sigma_yy=8.171142e+08 Pa max_tau_xy=1.198736e+09 Pa
2026-02-16 16:54:22,419 | INFO | cycle=7 state=max TGO=151.321925 um growth_strain=3.893855e-03 coeff=1.000e-03
2026-02-16 16:54:25,783 | INFO | cycle=7 state=max TGO=151.321925 um delta_h=11.220812 um eps_g=3.893855e-03 max_sigma_yy=2.745920e+09 Pa max_tau_xy=8.109188e+08 Pa
2026-02-16 16:54:26,343 | INFO | cycle=8 state=min TGO=161.766276 um growth_strain=3.624407e-03 coeff=1.000e-03
2026-02-16 16:54:29,639 | INFO | cycle=8 state=min TGO=161.766276 um delta_h=10.444351 um eps_g=3.624407e-03 max_sigma_yy=7.711602e+08 Pa max_tau_xy=1.136983e+09 Pa
2026-02-16 16:54:29,640 | INFO | cycle=8 state=max TGO=161.766276 um growth_strain=3.624407e-03 coeff=1.000e-03
2026-02-16 16:54:33,072 | INFO | cycle=8 state=max TGO=161.766276 um delta_h=10.444351 um eps_g=3.624407e-03 max_sigma_yy=2.701145e+09 Pa max_tau_xy=7.431323e+08 Pa
2026-02-16 16:54:33,707 | INFO | cycle=9 state=min TGO=171.576021 um growth_strain=3.404186e-03 coeff=1.000e-03
2026-02-16 16:54:37,180 | INFO | cycle=9 state=min TGO=171.576021 um delta_h=9.809745 um eps_g=3.404186e-03 max_sigma_yy=8.041963e+08 Pa max_tau_xy=1.189673e+09 Pa
2026-02-16 16:54:37,181 | INFO | cycle=9 state=max TGO=171.576021 um growth_strain=3.404186e-03 coeff=1.000e-03
2026-02-16 16:54:40,636 | INFO | cycle=9 state=max TGO=171.576021 um delta_h=9.809745 um eps_g=3.404186e-03 max_sigma_yy=2.706880e+09 Pa max_tau_xy=7.487979e+08 Pa
2026-02-16 16:54:41,213 | INFO | cycle=10 state=min TGO=180.854455 um growth_strain=3.219810e-03 coeff=1.000e-03
2026-02-16 16:54:44,890 | INFO | cycle=10 state=min TGO=180.854455 um delta_h=9.278434 um eps_g=3.219810e-03 max_sigma_yy=7.718099e+08 Pa max_tau_xy=1.142894e+09 Pa
2026-02-16 16:54:44,890 | INFO | cycle=10 state=max TGO=180.854455 um growth_strain=3.219810e-03 coeff=1.000e-03
2026-02-16 16:54:48,248 | INFO | cycle=10 state=max TGO=180.854455 um delta_h=9.278434 um eps_g=3.219810e-03 max_sigma_yy=2.674224e+09 Pa max_tau_xy=6.962078e+08 Pa
