2026-02-16 16:56:04,857 | INFO | cycle=1 state=min TGO=108.354884 um growth_strain=6.033908e-02 coeff=1.000e-03
2026-02-16 16:56:08,163 | INFO | cycle=1 state=min TGO=108.354884 um delta_h=106.588394 um eps_g=6.033908e-02 max_sigma_yy=1.341113e+10 Pa max_tau_xy=1.880928e+10 Pa
2026-02-16 16:56:08,164 | WARNING | Warning: stress exceeds typical TBC material strength range.
2026-02-16 16:56:08,164 | INFO | cycle=1 state=max TGO=108.354884 um growth_strain=6.033908e-02 coeff=1.000e-03
2026-02-16 16:56:11,356 | INFO | cycle=1 state=max TGO=108.354884 um delta_h=106.588394 um eps_g=6.033908e-02 max_sigma_yy=1.607269e+10 Pa max_tau_xy=1.824949e+10 Pa
2026-02-16 16:56:11,357 | WARNING | Warning: stress exceeds typical TBC material strength range.
2026-02-16 16:56:11,909 | INFO | cycle=2 state=min TGO=153.226764 um growth_strain=2.540172e-02 coeff=1.000e-03
2026-02-16 16:56:15,248 | INFO | cycle=2 state=min TGO=153.226764 um delta_h=44.871880 um eps_g=2.540172e-02 max_sigma_yy=5.658097e+09 Pa max_tau_xy=7.999401e+09 Pa
2026-02-16 16:56:15,249 | WARNING | Warning: stress exceeds typical TBC material strength range.
2026-02-16 16:56:15,249 | INFO | cycle=2 state=max TGO=153.226764 um growth_strain=2.540172e-02 coeff=1.000e-03
2026-02-16 16:56:18,242 | INFO | cycle=2 state=max TGO=153.226764 um delta_h=44.871880 um eps_g=2.540172e-02 max_sigma_yy=8.352240e+09 Pa max_tau_xy=7.445358e+09 Pa
2026-02-16 16:56:18,243 | WARNING | Warning: stress exceeds typical TBC material strength range.
2026-02-16 16:56:18,795 | INFO | cycle=3 state=min TGO=187.659536 um growth_strain=1.949220e-02 coeff=1.000e-03
2026-02-16 16:56:22,142 | INFO | cycle=3 state=min TGO=187.659536 um delta_h=34.432772 um eps_g=1.949220e-02 max_sigma_yy=4.977309e+09 Pa max_tau_xy=7.034799e+09 Pa
2026-02-16 16:56:22,142 | WARNING | Warning: stress exceeds typical TBC material strength range.
2026-02-16 16:56:22,143 | INFO | cycle=3 state=max TGO=187.659536 um growth_strain=1.949220e-02 coeff=1.000e-03
2026-02-16 16:56:25,263 | INFO | cycle=3 state=max TGO=187.659536 um delta_h=34.432772 um eps_g=1.949220e-02 max_sigma_yy=7.632155e+09 Pa max_tau_xy=6.400664e+09 Pa
2026-02-16 16:56:25,263 | WARNING | Warning: stress exceeds typical TBC material strength range.
2026-02-16 16:56:25,811 | INFO | cycle=4 state=min TGO=216.688167 um growth_strain=1.643294e-02 coeff=1.000e-03
2026-02-16 16:56:29,115 | INFO | cycle=4 state=min TGO=216.688167 um delta_h=29.028631 um eps_g=1.643294e-02 max_sigma_yy=4.368097e+09 Pa max_tau_xy=6.165460e+09 Pa
2026-02-16 16:56:29,115 | WARNING | Warning: stress exceeds typical TBC material strength range.
2026-02-16 16:56:29,115 | INFO | cycle=4 state=max TGO=216.688167 um growth_strain=1.643294e-02 coeff=1.000e-03
2026-02-16 16:56:32,308 | INFO | cycle=4 state=max TGO=216.688167 um delta_h=29.028631 um eps_g=1.643294e-02 max_sigma_yy=7.021176e+09 Pa max_tau_xy=5.510420e+09 Pa
2026-02-16 16:56:32,308 | WARNING | Warning: stress exceeds typical TBC material strength range.
2026-02-16 16:56:32,855 | INFO | cycle=5 state=min TGO=242.263126 um growth_strain=1.447784e-02 coeff=1.000e-03
2026-02-16 16:56:36,261 | INFO | cycle=5 state=min TGO=242.263126 um delta_h=25.574959 um eps_g=1.447784e-02 max_sigma_yy=3.571898e+09 Pa max_tau_xy=5.136434e+09 Pa
2026-02-16 16:56:36,261 | WARNING | Warning: stress exceeds typical TBC material strength range.
2026-02-16 16:56:36,261 | INFO | cycle=5 state=max TGO=242.263126 um growth_strain=1.447784e-02 coeff=1.000e-03
2026-02-16 16:56:39,497 | INFO | cycle=5 state=max TGO=242.263126 um delta_h=25.574959 um eps_g=1.447784e-02 max_sigma_yy=6.275726e+09 Pa max_tau_xy=4.526174e+09 Pa
2026-02-16 16:56:39,498 | WARNING | Warning: stress exceeds typical TBC material strength range.
2026-02-16 16:56:40,107 | INFO | cycle=6 state=min TGO=265.384782 um growth_strain=1.308904e-02 coeff=1.000e-03
2026-02-16 16:56:43,643 | INFO | cycle=6 state=min TGO=265.384782 um delta_h=23.121656 um eps_g=1.308904e-02 max_sigma_yy=3.692488e+09 Pa max_tau_xy=5.184214e+09 Pa
2026-02-16 16:56:43,644 | WARNING | Warning: stress exceeds typical TBC material strength range.
2026-02-16 16:56:43,644 | INFO | cycle=6 state=max TGO=265.384782 um growth_strain=1.308904e-02 coeff=1.000e-03
2026-02-16 16:56:46,870 | INFO | cycle=6 state=max TGO=265.384782 um delta_h=23.121656 um eps_g=1.308904e-02 max_sigma_yy=6.341852e+09 Pa max_tau_xy=4.499176e+09 Pa
2026-02-16 16:56:46,870 | WARNING | Warning: stress exceeds typical TBC material strength range.
2026-02-16 16:56:47,475 | INFO | cycle=7 state=min TGO=286.647419 um growth_strain=1.203666e-02 coeff=1.000e-03
2026-02-16 16:56:51,002 | INFO | cycle=7 state=min TGO=286.647419 um delta_h=21.262637 um eps_g=1.203666e-02 max_sigma_yy=3.476336e+09 Pa max_tau_xy=4.865377e+09 Pa
2026-02-16 16:56:51,003 | INFO | cycle=7 state=max TGO=286.647419 um growth_strain=1.203666e-02 coeff=1.000e-03
2026-02-16 16:56:54,184 | INFO | cycle=7 state=max TGO=286.647419 um delta_h=21.262637 um eps_g=1.203666e-02 max_sigma_yy=6.123705e+09 Pa max_tau_xy=4.168811e+09 Pa
2026-02-16 16:56:54,185 | WARNING | Warning: stress exceeds typical TBC material strength range.
2026-02-16 16:56:54,753 | INFO | cycle=8 state=min TGO=306.438254 um growth_strain=1.120348e-02 coeff=1.000e-03
2026-02-16 16:56:58,013 | INFO | cycle=8 state=min TGO=306.438254 um delta_h=19.790834 um eps_g=1.120348e-02 max_sigma_yy=3.303514e+09 Pa max_tau_xy=4.608498e+09 Pa
2026-02-16 16:56:58,014 | INFO | cycle=8 state=max TGO=306.438254 um growth_strain=1.120348e-02 coeff=1.000e-03
2026-02-16 16:57:01,283 | INFO | cycle=8 state=max TGO=306.438254 um delta_h=19.790834 um eps_g=1.120348e-02 max_sigma_yy=5.948817e+09 Pa max_tau_xy=3.901896e+09 Pa
2026-02-16 16:57:01,284 | WARNING | Warning: stress exceeds typical TBC material strength range.
2026-02-16 16:57:01,883 | INFO | cycle=9 state=min TGO=325.026251 um growth_strain=1.052256e-02 coeff=1.000e-03
2026-02-16 16:57:05,134 | INFO | cycle=9 state=min TGO=325.026251 um delta_h=18.587997 um eps_g=1.052256e-02 max_sigma_yy=2.807898e+09 Pa max_tau_xy=4.034568e+09 Pa
2026-02-16 16:57:05,134 | INFO | cycle=9 state=max TGO=325.026251 um growth_strain=1.052256e-02 coeff=1.000e-03
2026-02-16 16:57:08,147 | INFO | cycle=9 state=max TGO=325.026251 um delta_h=18.587997 um eps_g=1.052256e-02 max_sigma_yy=5.513419e+09 Pa max_tau_xy=3.384875e+09 Pa
2026-02-16 16:57:08,147 | WARNING | Warning: stress exceeds typical TBC material strength range.
2026-02-16 16:57:08,700 | INFO | cycle=10 state=min TGO=342.607244 um growth_strain=9.952501e-03 coeff=1.000e-03
2026-02-16 16:57:12,031 | INFO | cycle=10 state=min TGO=342.607244 um delta_h=17.580994 um eps_g=9.952501e-03 max_sigma_yy=2.696497e+09 Pa max_tau_xy=3.869166e+09 Pa
2026-02-16 16:57:12,031 | INFO | cycle=10 state=max TGO=342.607244 um growth_strain=9.952501e-03 coeff=1.000e-03
2026-02-16 16:57:15,437 | INFO | cycle=10 state=max TGO=342.607244 um delta_h=17.580994 um eps_g=9.952501e-03 max_sigma_yy=5.401558e+09 Pa max_tau_xy=3.212176e+09 Pa
2026-02-16 16:57:15,437 | WARNING | Warning: stress exceeds typical TBC material strength range.
