2026-02-16 16:36:21,877 | INFO | cycle=1 state=min TGO=55.842676 um growth_strain=1.669941e-02 coeff=1.000e-03
2026-02-16 16:36:25,551 | INFO | cycle=1 state=min TGO=55.842676 um delta_h=52.687617 um eps_g=1.669941e-02 max_sigma_yy=3.090612e+09 Pa max_tau_xy=4.310013e+09 Pa
2026-02-16 16:36:25,551 | INFO | cycle=1 state=max TGO=55.842676 um growth_strain=1.669941e-02 coeff=1.000e-03
2026-02-16 16:36:29,130 | INFO | cycle=1 state=max TGO=55.842676 um delta_h=52.687617 um eps_g=1.669941e-02 max_sigma_yy=5.484165e+09 Pa max_tau_xy=3.885893e+09 Pa
2026-02-16 16:36:29,130 | WARNING | Warning: stress exceeds typical TBC material strength range.
2026-02-16 16:36:29,747 | INFO | cycle=2 state=min TGO=78.910420 um growth_strain=7.311353e-03 coeff=1.000e-03
2026-02-16 16:36:33,143 | INFO | cycle=2 state=min TGO=78.910420 um delta_h=23.067745 um eps_g=7.311353e-03 max_sigma_yy=1.462335e+09 Pa max_tau_xy=2.051961e+09 Pa
2026-02-16 16:36:33,143 | INFO | cycle=2 state=max TGO=78.910420 um growth_strain=7.311353e-03 coeff=1.000e-03
2026-02-16 16:36:36,578 | INFO | cycle=2 state=max TGO=78.910420 um delta_h=23.067745 um eps_g=7.311353e-03 max_sigma_yy=3.841299e+09 Pa max_tau_xy=1.596516e+09 Pa
2026-02-16 16:36:37,125 | INFO | cycle=3 state=min TGO=96.619379 um growth_strain=5.612879e-03 coeff=1.000e-03
2026-02-16 16:36:40,378 | INFO | cycle=3 state=min TGO=96.619379 um delta_h=17.708959 um eps_g=5.612879e-03 max_sigma_yy=1.175034e+09 Pa max_tau_xy=1.663130e+09 Pa
2026-02-16 16:36:40,379 | INFO | cycle=3 state=max TGO=96.619379 um growth_strain=5.612879e-03 coeff=1.000e-03
2026-02-16 16:36:43,572 | INFO | cycle=3 state=max TGO=96.619379 um delta_h=17.708959 um eps_g=5.612879e-03 max_sigma_yy=3.549202e+09 Pa max_tau_xy=1.186002e+09 Pa
2026-02-16 16:36:44,231 | INFO | cycle=4 state=min TGO=111.551578 um growth_strain=4.732781e-03 coeff=1.000e-03
2026-02-16 16:36:47,463 | INFO | cycle=4 state=min TGO=111.551578 um delta_h=14.932198 um eps_g=4.732781e-03 max_sigma_yy=1.024343e+09 Pa max_tau_xy=1.459822e+09 Pa
2026-02-16 16:36:47,463 | INFO | cycle=4 state=max TGO=111.551578 um growth_strain=4.732781e-03 coeff=1.000e-03
2026-02-16 16:36:50,570 | INFO | cycle=4 state=max TGO=111.551578 um delta_h=14.932198 um eps_g=4.732781e-03 max_sigma_yy=3.396320e+09 Pa max_tau_xy=9.659692e+08 Pa
2026-02-16 16:36:51,117 | INFO | cycle=5 state=min TGO=124.708478 um growth_strain=4.170098e-03 coeff=1.000e-03
2026-02-16 16:36:54,347 | INFO | cycle=5 state=min TGO=124.708478 um delta_h=13.156900 um eps_g=4.170098e-03 max_sigma_yy=9.268912e+08 Pa max_tau_xy=1.327819e+09 Pa
2026-02-16 16:36:54,347 | INFO | cycle=5 state=max TGO=124.708478 um growth_strain=4.170098e-03 coeff=1.000e-03
2026-02-16 16:36:57,449 | INFO | cycle=5 state=max TGO=124.708478 um delta_h=13.156900 um eps_g=4.170098e-03 max_sigma_yy=3.297688e+09 Pa max_tau_xy=8.203388e+08 Pa
2026-02-16 16:36:58,160 | INFO | cycle=6 state=min TGO=136.604006 um growth_strain=3.770304e-03 coeff=1.000e-03
2026-02-16 16:37:01,400 | INFO | cycle=6 state=min TGO=136.604006 um delta_h=11.895528 um eps_g=3.770304e-03 max_sigma_yy=8.569500e+08 Pa max_tau_xy=1.232448e+09 Pa
2026-02-16 16:37:01,400 | INFO | cycle=6 state=max TGO=136.604006 um growth_strain=3.770304e-03 coeff=1.000e-03
2026-02-16 16:37:04,634 | INFO | cycle=6 state=max TGO=136.604006 um delta_h=11.895528 um eps_g=3.770304e-03 max_sigma_yy=3.227031e+09 Pa max_tau_xy=7.134726e+08 Pa
2026-02-16 16:37:05,218 | INFO | cycle=7 state=min TGO=147.543568 um growth_strain=3.467309e-03 coeff=1.000e-03
2026-02-16 16:37:08,622 | INFO | cycle=7 state=min TGO=147.543568 um delta_h=10.939562 um eps_g=3.467309e-03 max_sigma_yy=8.034686e+08 Pa max_tau_xy=1.158966e+09 Pa
2026-02-16 16:37:08,623 | INFO | cycle=7 state=max TGO=147.543568 um growth_strain=3.467309e-03 coeff=1.000e-03
2026-02-16 16:37:12,131 | INFO | cycle=7 state=max TGO=147.543568 um delta_h=10.939562 um eps_g=3.467309e-03 max_sigma_yy=3.173067e+09 Pa max_tau_xy=6.300545e+08 Pa
2026-02-16 16:37:12,698 | INFO | cycle=8 state=min TGO=157.726201 um growth_strain=3.227399e-03 coeff=1.000e-03
2026-02-16 16:37:16,135 | INFO | cycle=8 state=min TGO=157.726201 um delta_h=10.182633 um eps_g=3.227399e-03 max_sigma_yy=6.992443e+08 Pa max_tau_xy=1.006717e+09 Pa
2026-02-16 16:37:16,135 | INFO | cycle=8 state=max TGO=157.726201 um growth_strain=3.227399e-03 coeff=1.000e-03
2026-02-16 16:37:19,219 | INFO | cycle=8 state=max TGO=157.726201 um delta_h=10.182633 um eps_g=3.227399e-03 max_sigma_yy=3.101063e+09 Pa max_tau_xy=5.180493e+08 Pa
2026-02-16 16:37:19,843 | INFO | cycle=9 state=min TGO=167.290181 um growth_strain=3.031316e-03 coeff=1.000e-03
2026-02-16 16:37:23,151 | INFO | cycle=9 state=min TGO=167.290181 um delta_h=9.563980 um eps_g=3.031316e-03 max_sigma_yy=6.646772e+08 Pa max_tau_xy=9.611781e+08 Pa
2026-02-16 16:37:23,152 | INFO | cycle=9 state=max TGO=167.290181 um growth_strain=3.031316e-03 coeff=1.000e-03
2026-02-16 16:37:26,300 | INFO | cycle=9 state=max TGO=167.290181 um delta_h=9.563980 um eps_g=3.031316e-03 max_sigma_yy=3.067867e+09 Pa max_tau_xy=4.659223e+08 Pa
2026-02-16 16:37:26,869 | INFO | cycle=10 state=min TGO=176.336198 um growth_strain=2.867147e-03 coeff=1.000e-03
2026-02-16 16:37:30,646 | INFO | cycle=10 state=min TGO=176.336198 um delta_h=9.046017 um eps_g=2.867147e-03 max_sigma_yy=6.960160e+08 Pa max_tau_xy=1.009185e+09 Pa
2026-02-16 16:37:30,646 | INFO | cycle=10 state=max TGO=176.336198 um growth_strain=2.867147e-03 coeff=1.000e-03
2026-02-16 16:37:33,937 | INFO | cycle=10 state=max TGO=176.336198 um delta_h=9.046017 um eps_g=2.867147e-03 max_sigma_yy=3.064685e+09 Pa max_tau_xy=4.566787e+08 Pa
