2026-02-16 16:48:48,034 | INFO | cycle=1 state=min TGO=5.758595 um growth_strain=1.382442e-03 coeff=1.000e-03
2026-02-16 16:48:51,401 | INFO | cycle=1 state=min TGO=5.758595 um delta_h=3.341498 um eps_g=1.382442e-03 max_sigma_yy=9.698387e+08 Pa max_tau_xy=1.854978e+08 Pa
2026-02-16 16:48:51,401 | INFO | cycle=1 state=max TGO=5.758595 um growth_strain=1.382442e-03 coeff=1.000e-03
2026-02-16 16:48:54,797 | INFO | cycle=1 state=max TGO=5.758595 um delta_h=3.341498 um eps_g=1.382442e-03 max_sigma_yy=5.863525e+09 Pa max_tau_xy=5.355829e+08 Pa
2026-02-16 16:48:54,798 | WARNING | Warning: stress exceeds typical TBC material strength range.
2026-02-16 16:48:55,431 | INFO | cycle=2 state=min TGO=7.776920 um growth_strain=8.350198e-04 coeff=1.000e-03
2026-02-16 16:48:58,827 | INFO | cycle=2 state=min TGO=7.776920 um delta_h=2.018324 um eps_g=8.350198e-04 max_sigma_yy=5.858576e+08 Pa max_tau_xy=1.303438e+08 Pa
2026-02-16 16:48:58,827 | INFO | cycle=2 state=max TGO=7.776920 um growth_strain=8.350198e-04 coeff=1.000e-03
2026-02-16 16:49:02,215 | INFO | cycle=2 state=max TGO=7.776920 um delta_h=2.018324 um eps_g=8.350198e-04 max_sigma_yy=5.485305e+09 Pa max_tau_xy=5.063585e+08 Pa
2026-02-16 16:49:02,216 | WARNING | Warning: stress exceeds typical TBC material strength range.
2026-02-16 16:49:02,847 | INFO | cycle=3 state=min TGO=9.370141 um growth_strain=6.591464e-04 coeff=1.000e-03
2026-02-16 16:49:06,033 | INFO | cycle=3 state=min TGO=9.370141 um delta_h=1.593221 um eps_g=6.591464e-04 max_sigma_yy=4.615924e+08 Pa max_tau_xy=1.112975e+08 Pa
2026-02-16 16:49:06,034 | INFO | cycle=3 state=max TGO=9.370141 um growth_strain=6.591464e-04 coeff=1.000e-03
2026-02-16 16:49:09,052 | INFO | cycle=3 state=max TGO=9.370141 um delta_h=1.593221 um eps_g=6.591464e-04 max_sigma_yy=5.347333e+09 Pa max_tau_xy=4.878850e+08 Pa
2026-02-16 16:49:09,052 | WARNING | Warning: stress exceeds typical TBC material strength range.
2026-02-16 16:49:09,602 | INFO | cycle=4 state=min TGO=10.729334 um growth_strain=5.623243e-04 coeff=1.000e-03
2026-02-16 16:49:12,868 | INFO | cycle=4 state=min TGO=10.729334 um delta_h=1.359193 um eps_g=5.623243e-04 max_sigma_yy=3.936348e+08 Pa max_tau_xy=9.982211e+07 Pa
2026-02-16 16:49:12,869 | INFO | cycle=4 state=max TGO=10.729334 um growth_strain=5.623243e-04 coeff=1.000e-03
2026-02-16 16:49:15,827 | INFO | cycle=4 state=max TGO=10.729334 um delta_h=1.359193 um eps_g=5.623243e-04 max_sigma_yy=5.266335e+09 Pa max_tau_xy=4.731237e+08 Pa
2026-02-16 16:49:15,827 | WARNING | Warning: stress exceeds typical TBC material strength range.
2026-02-16 16:49:16,383 | INFO | cycle=5 state=min TGO=11.934725 um growth_strain=4.986937e-04 coeff=1.000e-03
2026-02-16 16:49:19,591 | INFO | cycle=5 state=min TGO=11.934725 um delta_h=1.205391 um eps_g=4.986937e-04 max_sigma_yy=5.148093e+07 Pa max_tau_xy=9.238343e+07 Pa
2026-02-16 16:49:19,591 | INFO | cycle=5 state=max TGO=11.934725 um growth_strain=4.986937e-04 coeff=1.000e-03
2026-02-16 16:49:22,691 | INFO | cycle=5 state=max TGO=11.934725 um delta_h=1.205391 um eps_g=4.986937e-04 max_sigma_yy=3.383380e+09 Pa max_tau_xy=4.613485e+08 Pa
2026-02-16 16:49:23,234 | INFO | cycle=6 state=min TGO=13.029072 um growth_strain=4.527526e-04 coeff=1.000e-03
2026-02-16 16:49:26,517 | INFO | cycle=6 state=min TGO=13.029072 um delta_h=1.094347 um eps_g=4.527526e-04 max_sigma_yy=4.902079e+07 Pa max_tau_xy=8.618966e+07 Pa
2026-02-16 16:49:26,517 | INFO | cycle=6 state=max TGO=13.029072 um growth_strain=4.527526e-04 coeff=1.000e-03
2026-02-16 16:49:29,682 | INFO | cycle=6 state=max TGO=13.029072 um delta_h=1.094347 um eps_g=4.527526e-04 max_sigma_yy=3.381551e+09 Pa max_tau_xy=4.500736e+08 Pa
2026-02-16 16:49:30,290 | INFO | cycle=7 state=min TGO=14.038368 um growth_strain=4.175653e-04 coeff=1.000e-03
2026-02-16 16:49:33,596 | INFO | cycle=7 state=min TGO=14.038368 um delta_h=1.009296 um eps_g=4.175653e-04 max_sigma_yy=4.699986e+07 Pa max_tau_xy=8.121460e+07 Pa
2026-02-16 16:49:33,597 | INFO | cycle=7 state=max TGO=14.038368 um growth_strain=4.175653e-04 coeff=1.000e-03
2026-02-16 16:49:36,671 | INFO | cycle=7 state=max TGO=14.038368 um delta_h=1.009296 um eps_g=4.175653e-04 max_sigma_yy=3.379397e+09 Pa max_tau_xy=4.417365e+08 Pa
2026-02-16 16:49:37,215 | INFO | cycle=8 state=min TGO=14.979814 um growth_strain=3.894945e-04 coeff=1.000e-03
2026-02-16 16:49:40,282 | INFO | cycle=8 state=min TGO=14.979814 um delta_h=0.941446 um eps_g=3.894945e-04 max_sigma_yy=4.504916e+07 Pa max_tau_xy=7.624560e+07 Pa
2026-02-16 16:49:40,282 | INFO | cycle=8 state=max TGO=14.979814 um growth_strain=3.894945e-04 coeff=1.000e-03
2026-02-16 16:49:43,223 | INFO | cycle=8 state=max TGO=14.979814 um delta_h=0.941446 um eps_g=3.894945e-04 max_sigma_yy=3.377084e+09 Pa max_tau_xy=4.335426e+08 Pa
2026-02-16 16:49:43,817 | INFO | cycle=9 state=min TGO=15.865494 um growth_strain=3.664228e-04 coeff=1.000e-03
2026-02-16 16:49:47,051 | INFO | cycle=9 state=min TGO=15.865494 um delta_h=0.885680 um eps_g=3.664228e-04 max_sigma_yy=4.380113e+07 Pa max_tau_xy=7.358745e+07 Pa
2026-02-16 16:49:47,052 | INFO | cycle=9 state=max TGO=15.865494 um growth_strain=3.664228e-04 coeff=1.000e-03
2026-02-16 16:49:50,113 | INFO | cycle=9 state=max TGO=15.865494 um delta_h=0.885680 um eps_g=3.664228e-04 max_sigma_yy=3.376384e+09 Pa max_tau_xy=4.257976e+08 Pa
2026-02-16 16:49:50,664 | INFO | cycle=10 state=min TGO=16.704280 um growth_strain=3.470219e-04 coeff=1.000e-03
2026-02-16 16:49:53,749 | INFO | cycle=10 state=min TGO=16.704280 um delta_h=0.838786 um eps_g=3.470219e-04 max_sigma_yy=4.222824e+07 Pa max_tau_xy=6.964981e+07 Pa
2026-02-16 16:49:53,749 | INFO | cycle=10 state=max TGO=16.704280 um growth_strain=3.470219e-04 coeff=1.000e-03
2026-02-16 16:49:56,724 | INFO | cycle=10 state=max TGO=16.704280 um delta_h=0.838786 um eps_g=3.470219e-04 max_sigma_yy=3.375636e+09 Pa max_tau_xy=4.193258e+08 Pa
