2026-02-16 16:43:59,577 | INFO | cycle=1 state=min TGO=108.569016 um growth_strain=2.269564e-02 coeff=1.000e-03
2026-02-16 16:44:02,827 | INFO | cycle=1 state=min TGO=108.569016 um delta_h=103.987201 um eps_g=2.269564e-02 max_sigma_yy=4.505148e+09 Pa max_tau_xy=6.395577e+09 Pa
2026-02-16 16:44:02,828 | WARNING | Warning: stress exceeds typical TBC material strength range.
2026-02-16 16:44:02,828 | INFO | cycle=1 state=max TGO=108.569016 um growth_strain=2.269564e-02 coeff=1.000e-03
2026-02-16 16:44:05,892 | INFO | cycle=1 state=max TGO=108.569016 um delta_h=103.987201 um eps_g=2.269564e-02 max_sigma_yy=6.591129e+09 Pa max_tau_xy=6.004440e+09 Pa
2026-02-16 16:44:05,892 | WARNING | Warning: stress exceeds typical TBC material strength range.
2026-02-16 16:44:06,661 | INFO | cycle=2 state=min TGO=153.471396 um growth_strain=9.800129e-03 coeff=1.000e-03
2026-02-16 16:44:10,330 | INFO | cycle=2 state=min TGO=153.471396 um delta_h=44.902380 um eps_g=9.800129e-03 max_sigma_yy=2.262441e+09 Pa max_tau_xy=3.315017e+09 Pa
2026-02-16 16:44:10,331 | INFO | cycle=2 state=max TGO=153.471396 um growth_strain=9.800129e-03 coeff=1.000e-03
2026-02-16 16:44:13,760 | INFO | cycle=2 state=max TGO=153.471396 um delta_h=44.902380 um eps_g=9.800129e-03 max_sigma_yy=4.325514e+09 Pa max_tau_xy=2.849918e+09 Pa
2026-02-16 16:44:14,656 | INFO | cycle=3 state=min TGO=187.935381 um growth_strain=7.521907e-03 coeff=1.000e-03
2026-02-16 16:44:17,865 | INFO | cycle=3 state=min TGO=187.935381 um delta_h=34.463985 um eps_g=7.521907e-03 max_sigma_yy=1.665831e+09 Pa max_tau_xy=2.464329e+09 Pa
2026-02-16 16:44:17,866 | INFO | cycle=3 state=max TGO=187.935381 um growth_strain=7.521907e-03 coeff=1.000e-03
2026-02-16 16:44:20,861 | INFO | cycle=3 state=max TGO=187.935381 um delta_h=34.463985 um eps_g=7.521907e-03 max_sigma_yy=3.760866e+09 Pa max_tau_xy=2.021725e+09 Pa
2026-02-16 16:44:21,484 | INFO | cycle=4 state=min TGO=216.992963 um growth_strain=6.341937e-03 coeff=1.000e-03
2026-02-16 16:44:24,681 | INFO | cycle=4 state=min TGO=216.992963 um delta_h=29.057581 um eps_g=6.341937e-03 max_sigma_yy=1.452125e+09 Pa max_tau_xy=2.165322e+09 Pa
2026-02-16 16:44:24,682 | INFO | cycle=4 state=max TGO=216.992963 um growth_strain=6.341937e-03 coeff=1.000e-03
2026-02-16 16:44:27,675 | INFO | cycle=4 state=max TGO=216.992963 um delta_h=29.057581 um eps_g=6.341937e-03 max_sigma_yy=3.549868e+09 Pa max_tau_xy=1.707596e+09 Pa
2026-02-16 16:44:28,320 | INFO | cycle=5 state=min TGO=242.594691 um growth_strain=5.587683e-03 coeff=1.000e-03
2026-02-16 16:44:31,479 | INFO | cycle=5 state=min TGO=242.594691 um delta_h=25.601728 um eps_g=5.587683e-03 max_sigma_yy=1.315197e+09 Pa max_tau_xy=1.970023e+09 Pa
2026-02-16 16:44:31,480 | INFO | cycle=5 state=max TGO=242.594691 um growth_strain=5.587683e-03 coeff=1.000e-03
2026-02-16 16:44:34,533 | INFO | cycle=5 state=max TGO=242.594691 um delta_h=25.601728 um eps_g=5.587683e-03 max_sigma_yy=3.414709e+09 Pa max_tau_xy=1.500230e+09 Pa
2026-02-16 16:44:35,077 | INFO | cycle=6 state=min TGO=265.741269 um growth_strain=5.051836e-03 coeff=1.000e-03
2026-02-16 16:44:38,407 | INFO | cycle=6 state=min TGO=265.741269 um delta_h=23.146578 um eps_g=5.051836e-03 max_sigma_yy=1.364936e+09 Pa max_tau_xy=2.004787e+09 Pa
2026-02-16 16:44:38,408 | INFO | cycle=6 state=max TGO=265.741269 um growth_strain=5.051836e-03 coeff=1.000e-03
2026-02-16 16:44:41,525 | INFO | cycle=6 state=max TGO=265.741269 um delta_h=23.146578 um eps_g=5.051836e-03 max_sigma_yy=3.423454e+09 Pa max_tau_xy=1.473464e+09 Pa
2026-02-16 16:44:42,075 | INFO | cycle=7 state=min TGO=287.027282 um growth_strain=4.645760e-03 coeff=1.000e-03
2026-02-16 16:44:45,403 | INFO | cycle=7 state=min TGO=287.027282 um delta_h=21.286012 um eps_g=4.645760e-03 max_sigma_yy=1.143398e+09 Pa max_tau_xy=1.718845e+09 Pa
2026-02-16 16:44:45,404 | INFO | cycle=7 state=max TGO=287.027282 um growth_strain=4.645760e-03 coeff=1.000e-03
2026-02-16 16:44:48,674 | INFO | cycle=7 state=max TGO=287.027282 um delta_h=21.286012 um eps_g=4.645760e-03 max_sigma_yy=3.244618e+09 Pa max_tau_xy=1.230383e+09 Pa
2026-02-16 16:44:49,228 | INFO | cycle=8 state=min TGO=306.840184 um growth_strain=4.324248e-03 coeff=1.000e-03
2026-02-16 16:44:52,672 | INFO | cycle=8 state=min TGO=306.840184 um delta_h=19.812902 um eps_g=4.324248e-03 max_sigma_yy=1.084424e+09 Pa max_tau_xy=1.630596e+09 Pa
2026-02-16 16:44:52,673 | INFO | cycle=8 state=max TGO=306.840184 um growth_strain=4.324248e-03 coeff=1.000e-03
2026-02-16 16:44:55,727 | INFO | cycle=8 state=max TGO=306.840184 um delta_h=19.812902 um eps_g=4.324248e-03 max_sigma_yy=3.185886e+09 Pa max_tau_xy=1.134583e+09 Pa
2026-02-16 16:44:56,327 | INFO | cycle=9 state=min TGO=325.449131 um growth_strain=4.061479e-03 coeff=1.000e-03
2026-02-16 16:44:59,729 | INFO | cycle=9 state=min TGO=325.449131 um delta_h=18.608947 um eps_g=4.061479e-03 max_sigma_yy=1.170716e+09 Pa max_tau_xy=1.705756e+09 Pa
2026-02-16 16:44:59,730 | INFO | cycle=9 state=max TGO=325.449131 um growth_strain=4.061479e-03 coeff=1.000e-03
2026-02-16 16:45:02,913 | INFO | cycle=9 state=max TGO=325.449131 um delta_h=18.608947 um eps_g=4.061479e-03 max_sigma_yy=3.224829e+09 Pa max_tau_xy=1.149310e+09 Pa
2026-02-16 16:45:03,471 | INFO | cycle=10 state=min TGO=343.050106 um growth_strain=3.841485e-03 coeff=1.000e-03
2026-02-16 16:45:06,682 | INFO | cycle=10 state=min TGO=343.050106 um delta_h=17.600975 um eps_g=3.841485e-03 max_sigma_yy=9.953850e+08 Pa max_tau_xy=1.494978e+09 Pa
2026-02-16 16:45:06,682 | INFO | cycle=10 state=max TGO=343.050106 um growth_strain=3.841485e-03 coeff=1.000e-03
2026-02-16 16:45:09,961 | INFO | cycle=10 state=max TGO=343.050106 um delta_h=17.600975 um eps_g=3.841485e-03 max_sigma_yy=3.096552e+09 Pa max_tau_xy=9.861745e+08 Pa
