2026-02-16 16:54:49,049 | INFO | cycle=1 state=min TGO=76.727357 um growth_strain=2.656416e-02 coeff=1.000e-03
2026-02-16 16:54:52,567 | INFO | cycle=1 state=min TGO=76.727357 um delta_h=73.943766 um eps_g=2.656416e-02 max_sigma_yy=5.286061e+09 Pa max_tau_xy=7.387338e+09 Pa
2026-02-16 16:54:52,568 | WARNING | Warning: stress exceeds typical TBC material strength range.
2026-02-16 16:54:52,569 | INFO | cycle=1 state=max TGO=76.727357 um growth_strain=2.656416e-02 coeff=1.000e-03
2026-02-16 16:54:55,998 | INFO | cycle=1 state=max TGO=76.727357 um delta_h=73.943766 um eps_g=2.656416e-02 max_sigma_yy=7.783086e+09 Pa max_tau_xy=6.913308e+09 Pa
2026-02-16 16:54:55,999 | WARNING | Warning: stress exceeds typical TBC material strength range.
2026-02-16 16:54:56,720 | INFO | cycle=2 state=min TGO=108.473159 um growth_strain=1.140462e-02 coeff=1.000e-03
2026-02-16 16:55:00,288 | INFO | cycle=2 state=min TGO=108.473159 um delta_h=31.745802 um eps_g=1.140462e-02 max_sigma_yy=2.453864e+09 Pa max_tau_xy=3.483031e+09 Pa
2026-02-16 16:55:00,288 | INFO | cycle=2 state=max TGO=108.473159 um growth_strain=1.140462e-02 coeff=1.000e-03
2026-02-16 16:55:03,790 | INFO | cycle=2 state=max TGO=108.473159 um delta_h=31.745802 um eps_g=1.140462e-02 max_sigma_yy=4.943147e+09 Pa max_tau_xy=2.969397e+09 Pa
2026-02-16 16:55:04,375 | INFO | cycle=3 state=min TGO=132.837363 um growth_strain=8.752795e-03 coeff=1.000e-03
2026-02-16 16:55:08,070 | INFO | cycle=3 state=min TGO=132.837363 um delta_h=24.364204 um eps_g=8.752795e-03 max_sigma_yy=1.976464e+09 Pa max_tau_xy=2.832006e+09 Pa
2026-02-16 16:55:08,071 | INFO | cycle=3 state=max TGO=132.837363 um growth_strain=8.752795e-03 coeff=1.000e-03
2026-02-16 16:55:11,548 | INFO | cycle=3 state=max TGO=132.837363 um delta_h=24.364204 um eps_g=8.752795e-03 max_sigma_yy=4.463667e+09 Pa max_tau_xy=2.292381e+09 Pa
2026-02-16 16:55:12,118 | INFO | cycle=4 state=min TGO=153.378956 um growth_strain=7.379529e-03 coeff=1.000e-03
2026-02-16 16:55:16,039 | INFO | cycle=4 state=min TGO=153.378956 um delta_h=20.541592 um eps_g=7.379529e-03 max_sigma_yy=1.727385e+09 Pa max_tau_xy=2.488836e+09 Pa
2026-02-16 16:55:16,039 | INFO | cycle=4 state=max TGO=153.378956 um growth_strain=7.379529e-03 coeff=1.000e-03
2026-02-16 16:55:19,439 | INFO | cycle=4 state=max TGO=153.378956 um delta_h=20.541592 um eps_g=7.379529e-03 max_sigma_yy=4.213702e+09 Pa max_tau_xy=1.929848e+09 Pa
2026-02-16 16:55:20,012 | INFO | cycle=5 state=min TGO=171.477237 um growth_strain=6.501774e-03 coeff=1.000e-03
2026-02-16 16:55:23,390 | INFO | cycle=5 state=min TGO=171.477237 um delta_h=18.098282 um eps_g=6.501774e-03 max_sigma_yy=1.433616e+09 Pa max_tau_xy=2.071543e+09 Pa
2026-02-16 16:55:23,390 | INFO | cycle=5 state=max TGO=171.477237 um growth_strain=6.501774e-03 coeff=1.000e-03
2026-02-16 16:55:26,770 | INFO | cycle=5 state=max TGO=171.477237 um delta_h=18.098282 um eps_g=6.501774e-03 max_sigma_yy=3.955922e+09 Pa max_tau_xy=1.550027e+09 Pa
2026-02-16 16:55:27,404 | INFO | cycle=6 state=min TGO=187.839777 um growth_strain=5.878212e-03 coeff=1.000e-03
2026-02-16 16:55:30,808 | INFO | cycle=6 state=min TGO=187.839777 um delta_h=16.362540 um eps_g=5.878212e-03 max_sigma_yy=1.321373e+09 Pa max_tau_xy=1.921317e+09 Pa
2026-02-16 16:55:30,809 | INFO | cycle=6 state=max TGO=187.839777 um growth_strain=5.878212e-03 coeff=1.000e-03
2026-02-16 16:55:34,220 | INFO | cycle=6 state=max TGO=187.839777 um delta_h=16.362540 um eps_g=5.878212e-03 max_sigma_yy=3.845987e+09 Pa max_tau_xy=1.388844e+09 Pa
2026-02-16 16:55:34,802 | INFO | cycle=7 state=min TGO=202.886965 um growth_strain=5.405675e-03 coeff=1.000e-03
2026-02-16 16:55:38,218 | INFO | cycle=7 state=min TGO=202.886965 um delta_h=15.047188 um eps_g=5.405675e-03 max_sigma_yy=1.235990e+09 Pa max_tau_xy=1.805621e+09 Pa
2026-02-16 16:55:38,219 | INFO | cycle=7 state=max TGO=202.886965 um growth_strain=5.405675e-03 coeff=1.000e-03
2026-02-16 16:55:41,480 | INFO | cycle=7 state=max TGO=202.886965 um delta_h=15.047188 um eps_g=5.405675e-03 max_sigma_yy=3.762508e+09 Pa max_tau_xy=1.263684e+09 Pa
2026-02-16 16:55:42,108 | INFO | cycle=8 state=min TGO=216.892738 um growth_strain=5.031548e-03 coeff=1.000e-03
2026-02-16 16:55:45,997 | INFO | cycle=8 state=min TGO=216.892738 um delta_h=14.005772 um eps_g=5.031548e-03 max_sigma_yy=1.293351e+09 Pa max_tau_xy=1.874709e+09 Pa
2026-02-16 16:55:45,999 | INFO | cycle=8 state=max TGO=216.892738 um growth_strain=5.031548e-03 coeff=1.000e-03
2026-02-16 16:55:49,583 | INFO | cycle=8 state=max TGO=216.892738 um delta_h=14.005772 um eps_g=5.031548e-03 max_sigma_yy=3.777567e+09 Pa max_tau_xy=1.267068e+09 Pa
2026-02-16 16:55:50,136 | INFO | cycle=9 state=min TGO=230.047383 um growth_strain=4.725782e-03 coeff=1.000e-03
2026-02-16 16:55:53,671 | INFO | cycle=9 state=min TGO=230.047383 um delta_h=13.154646 um eps_g=4.725782e-03 max_sigma_yy=1.235539e+09 Pa max_tau_xy=1.790424e+09 Pa
2026-02-16 16:55:53,672 | INFO | cycle=9 state=max TGO=230.047383 um growth_strain=4.725782e-03 coeff=1.000e-03
2026-02-16 16:55:56,987 | INFO | cycle=9 state=max TGO=230.047383 um delta_h=13.154646 um eps_g=4.725782e-03 max_sigma_yy=3.719155e+09 Pa max_tau_xy=1.174337e+09 Pa
2026-02-16 16:55:57,591 | INFO | cycle=10 state=min TGO=242.489458 um growth_strain=4.469792e-03 coeff=1.000e-03
2026-02-16 16:56:00,871 | INFO | cycle=10 state=min TGO=242.489458 um delta_h=12.442075 um eps_g=4.469792e-03 max_sigma_yy=1.186803e+09 Pa max_tau_xy=1.718769e+09 Pa
2026-02-16 16:56:00,871 | INFO | cycle=10 state=max TGO=242.489458 um growth_strain=4.469792e-03 coeff=1.000e-03
2026-02-16 16:56:04,160 | INFO | cycle=10 state=max TGO=242.489458 um delta_h=12.442075 um eps_g=4.469792e-03 max_sigma_yy=3.669765e+09 Pa max_tau_xy=1.095099e+09 Pa
