2026-02-16 16:51:05,984 | INFO | cycle=1 state=min TGO=106.383451 um growth_strain=2.461978e-02 coeff=1.000e-03
2026-02-16 16:51:09,213 | INFO | cycle=1 state=min TGO=106.383451 um delta_h=102.231056 um eps_g=2.461978e-02 max_sigma_yy=5.103629e+09 Pa max_tau_xy=7.464711e+09 Pa
2026-02-16 16:51:09,214 | WARNING | Warning: stress exceeds typical TBC material strength range.
2026-02-16 16:51:09,214 | INFO | cycle=1 state=max TGO=106.383451 um growth_strain=2.461978e-02 coeff=1.000e-03
2026-02-16 16:51:12,383 | INFO | cycle=1 state=max TGO=106.383451 um delta_h=102.231056 um eps_g=2.461978e-02 max_sigma_yy=7.908263e+09 Pa max_tau_xy=6.890279e+09 Pa
2026-02-16 16:51:12,384 | WARNING | Warning: stress exceeds typical TBC material strength range.
2026-02-16 16:51:12,990 | INFO | cycle=2 state=min TGO=150.391606 um growth_strain=1.059826e-02 coeff=1.000e-03
2026-02-16 16:51:16,289 | INFO | cycle=2 state=min TGO=150.391606 um delta_h=44.008154 um eps_g=1.059826e-02 max_sigma_yy=2.398203e+09 Pa max_tau_xy=3.558806e+09 Pa
2026-02-16 16:51:16,290 | INFO | cycle=2 state=max TGO=150.391606 um growth_strain=1.059826e-02 coeff=1.000e-03
2026-02-16 16:51:19,437 | INFO | cycle=2 state=max TGO=150.391606 um delta_h=44.008154 um eps_g=1.059826e-02 max_sigma_yy=5.198810e+09 Pa max_tau_xy=2.931901e+09 Pa
2026-02-16 16:51:19,437 | WARNING | Warning: stress exceeds typical TBC material strength range.
2026-02-16 16:51:19,987 | INFO | cycle=3 state=min TGO=184.167943 um growth_strain=8.134182e-03 coeff=1.000e-03
2026-02-16 16:51:23,345 | INFO | cycle=3 state=min TGO=184.167943 um delta_h=33.776338 um eps_g=8.134182e-03 max_sigma_yy=1.945617e+09 Pa max_tau_xy=2.901745e+09 Pa
2026-02-16 16:51:23,346 | INFO | cycle=3 state=max TGO=184.167943 um growth_strain=8.134182e-03 coeff=1.000e-03
2026-02-16 16:51:26,462 | INFO | cycle=3 state=max TGO=184.167943 um delta_h=33.776338 um eps_g=8.134182e-03 max_sigma_yy=4.744722e+09 Pa max_tau_xy=2.242000e+09 Pa
2026-02-16 16:51:27,022 | INFO | cycle=4 state=min TGO=212.645310 um growth_strain=6.858058e-03 coeff=1.000e-03
2026-02-16 16:51:30,495 | INFO | cycle=4 state=min TGO=212.645310 um delta_h=28.477366 um eps_g=6.858058e-03 max_sigma_yy=1.709869e+09 Pa max_tau_xy=2.553048e+09 Pa
2026-02-16 16:51:30,496 | INFO | cycle=4 state=max TGO=212.645310 um growth_strain=6.858058e-03 coeff=1.000e-03
2026-02-16 16:51:33,696 | INFO | cycle=4 state=max TGO=212.645310 um delta_h=28.477366 um eps_g=6.858058e-03 max_sigma_yy=4.507629e+09 Pa max_tau_xy=1.869420e+09 Pa
2026-02-16 16:51:34,246 | INFO | cycle=5 state=min TGO=237.735618 um growth_strain=6.042370e-03 coeff=1.000e-03
2026-02-16 16:51:37,609 | INFO | cycle=5 state=min TGO=237.735618 um delta_h=25.090308 um eps_g=6.042370e-03 max_sigma_yy=1.557722e+09 Pa max_tau_xy=2.324180e+09 Pa
2026-02-16 16:51:37,610 | INFO | cycle=5 state=max TGO=237.735618 um growth_strain=6.042370e-03 coeff=1.000e-03
2026-02-16 16:51:40,809 | INFO | cycle=5 state=max TGO=237.735618 um delta_h=25.090308 um eps_g=6.042370e-03 max_sigma_yy=4.353999e+09 Pa max_tau_xy=1.621809e+09 Pa
2026-02-16 16:51:41,362 | INFO | cycle=6 state=min TGO=260.419700 um growth_strain=5.462891e-03 coeff=1.000e-03
2026-02-16 16:51:44,607 | INFO | cycle=6 state=min TGO=260.419700 um delta_h=22.684082 um eps_g=5.462891e-03 max_sigma_yy=1.448522e+09 Pa max_tau_xy=2.157549e+09 Pa
2026-02-16 16:51:44,607 | INFO | cycle=6 state=max TGO=260.419700 um growth_strain=5.462891e-03 coeff=1.000e-03
2026-02-16 16:51:47,922 | INFO | cycle=6 state=max TGO=260.419700 um delta_h=22.684082 um eps_g=5.462891e-03 max_sigma_yy=4.243152e+09 Pa max_tau_xy=1.439764e+09 Pa
2026-02-16 16:51:48,536 | INFO | cycle=7 state=min TGO=281.280317 um growth_strain=5.023755e-03 coeff=1.000e-03
2026-02-16 16:51:52,014 | INFO | cycle=7 state=min TGO=281.280317 um delta_h=20.860617 um eps_g=5.023755e-03 max_sigma_yy=1.364931e+09 Pa max_tau_xy=2.028454e+09 Pa
2026-02-16 16:51:52,014 | INFO | cycle=7 state=max TGO=281.280317 um growth_strain=5.023755e-03 coeff=1.000e-03
2026-02-16 16:51:55,374 | INFO | cycle=7 state=max TGO=281.280317 um delta_h=20.860617 um eps_g=5.023755e-03 max_sigma_yy=4.157774e+09 Pa max_tau_xy=1.297581e+09 Pa
2026-02-16 16:51:55,933 | INFO | cycle=8 state=min TGO=300.697212 um growth_strain=4.676071e-03 coeff=1.000e-03
2026-02-16 16:51:59,439 | INFO | cycle=8 state=min TGO=300.697212 um delta_h=19.416895 um eps_g=4.676071e-03 max_sigma_yy=1.150288e+09 Pa max_tau_xy=1.753621e+09 Pa
2026-02-16 16:51:59,447 | INFO | cycle=8 state=max TGO=300.697212 um growth_strain=4.676071e-03 coeff=1.000e-03
2026-02-16 16:52:02,795 | INFO | cycle=8 state=max TGO=300.697212 um delta_h=19.416895 um eps_g=4.676071e-03 max_sigma_yy=4.002605e+09 Pa max_tau_xy=1.084036e+09 Pa
2026-02-16 16:52:03,423 | INFO | cycle=9 state=min TGO=318.934177 um growth_strain=4.391915e-03 coeff=1.000e-03
2026-02-16 16:52:06,837 | INFO | cycle=9 state=min TGO=318.934177 um delta_h=18.236966 um eps_g=4.391915e-03 max_sigma_yy=1.242977e+09 Pa max_tau_xy=1.837451e+09 Pa
2026-02-16 16:52:06,837 | INFO | cycle=9 state=max TGO=318.934177 um growth_strain=4.391915e-03 coeff=1.000e-03
2026-02-16 16:52:09,970 | INFO | cycle=9 state=max TGO=318.934177 um delta_h=18.236966 um eps_g=4.391915e-03 max_sigma_yy=4.031944e+09 Pa max_tau_xy=1.085146e+09 Pa
2026-02-16 16:52:10,516 | INFO | cycle=10 state=min TGO=336.183292 um growth_strain=4.154016e-03 coeff=1.000e-03
2026-02-16 16:52:13,870 | INFO | cycle=10 state=min TGO=336.183292 um delta_h=17.249115 um eps_g=4.154016e-03 max_sigma_yy=1.196414e+09 Pa max_tau_xy=1.763641e+09 Pa
2026-02-16 16:52:13,871 | INFO | cycle=10 state=max TGO=336.183292 um growth_strain=4.154016e-03 coeff=1.000e-03
2026-02-16 16:52:17,230 | INFO | cycle=10 state=max TGO=336.183292 um delta_h=17.249115 um eps_g=4.154016e-03 max_sigma_yy=3.983338e+09 Pa max_tau_xy=1.002317e+09 Pa
